<?xml version="1.0" encoding="UTF-8"?>
<testsuite xmlns:xsi="http://www.w3.org/2001/XMLSchema-instance" xsi:noNamespaceSchemaLocation="https://maven.apache.org/surefire/maven-surefire-plugin/xsd/surefire-test-report-3.0.xsd" version="3.0" name="TestSuite" time="2.444" tests="5" errors="0" skipped="0" failures="0">
  <properties>
[...]
</properties>
  <testcase name="runScenario[&quot;Successfully create a new user&quot;, &quot;Create User Functionality&quot;](1)" classname="runner.ApiRunner" time="1.413">
    <system-out><![CDATA[...
... TestNG 7.12.0 by Cédric Beust (cedric@beust.com)
...


&amp#27;[1mScenario:&amp#27;[22m Successfully create a new user                              &amp#27;[90m# src/test/resources/features/CreatingUser.feature:4&amp#27;[39m
  &amp#27;[32m✔&amp#27;[39m &amp#27;[32m&amp#27;[1mGiven &amp#27;[22mI have the details of a new user&amp#27;[39m                            &amp#27;[90m# stepDefinitions.CreatingUser.gettingData()&amp#27;[39m
  &amp#27;[32m✔&amp#27;[39m &amp#27;[32m&amp#27;[1mWhen &amp#27;[22mI send a POST request to create the user&amp#27;[39m                     &amp#27;[90m# stepDefinitions.CreatingUser.sendingPostRequest()&amp#27;[39m
  &amp#27;[32m✔&amp#27;[39m &amp#27;[32m&amp#27;[1mThen &amp#27;[22mthe user should be created successfully with status code 201&amp#27;[39m &amp#27;[90m# stepDefinitions.CreatingUser.verifyingUser()&amp#27;[39m
]]></system-out>
    <system-err><![CDATA[SLF4J(W): No SLF4J providers were found.
SLF4J(W): Defaulting to no-operation (NOP) logger implementation
SLF4J(W): See https://www.slf4j.org/codes.html#noProviders for further details.
]]></system-err>
  </testcase>
  <testcase name="runScenario[&quot;Successfully delete a user&quot;, &quot;Delete User Functionality&quot;](2)" classname="runner.ApiRunner" time="0.059">
    <system-out><![CDATA[
&amp#27;[1mScenario:&amp#27;[22m Successfully delete a user             &amp#27;[90m# src/test/resources/features/DeletingUser.feature:4&amp#27;[39m
  &amp#27;[32m✔&amp#27;[39m &amp#27;[32m&amp#27;[1mGiven &amp#27;[22mI have the user's id&amp#27;[39m                   &amp#27;[90m# stepDefinitions.DeleteUser.gettingUserId()&amp#27;[39m
  &amp#27;[32m✔&amp#27;[39m &amp#27;[32m&amp#27;[1mWhen &amp#27;[22mI send a DELETE request&amp#27;[39m                 &amp#27;[90m# stepDefinitions.DeleteUser.sendingDeleteRequest()&amp#27;[39m
  &amp#27;[32m✔&amp#27;[39m &amp#27;[32m&amp#27;[1mThen &amp#27;[22mthe user should be deleted successfully&amp#27;[39m &amp#27;[90m# stepDefinitions.DeleteUser.verifyingUser()&amp#27;[39m
  &amp#27;[32m✔&amp#27;[39m &amp#27;[32m&amp#27;[1mAnd &amp#27;[22mthe response status code should be 200&amp#27;[39m   &amp#27;[90m# stepDefinitions.DeleteUser.verifyingStatus()&amp#27;[39m
]]></system-out>
  </testcase>
  <testcase name="runScenario[&quot;Successfully get a user&apos;s details&quot;, &quot;Get User Functionality&quot;](3)" classname="runner.ApiRunner" time="0.068">
    <system-out><![CDATA[
&amp#27;[1mScenario:&amp#27;[22m Successfully get a user's details                                    &amp#27;[90m# src/test/resources/features/GettingUser.feature:4&amp#27;[39m
  &amp#27;[32m✔&amp#27;[39m &amp#27;[32m&amp#27;[1mGiven &amp#27;[22mI have the id of a newly created user&amp#27;[39m                                &amp#27;[90m# stepDefinitions.GettingUser.gettingData()&amp#27;[39m
  &amp#27;[32m✔&amp#27;[39m &amp#27;[32m&amp#27;[1mWhen &amp#27;[22mI send a GET request to get the user's details&amp#27;[39m                        &amp#27;[90m# stepDefinitions.GettingUser.sendingGetRequest()&amp#27;[39m
  &amp#27;[32m✔&amp#27;[39m &amp#27;[32m&amp#27;[1mThen &amp#27;[22mthe user's details should be retrieved successfully with response 200&amp#27;[39m &amp#27;[90m# stepDefinitions.GettingUser.verifyingStatus()&amp#27;[39m
]]></system-out>
  </testcase>
  <testcase name="runScenario[&quot;Successfully update a user&apos;s age&quot;, &quot;Update User Age Functionality&quot;](4)" classname="runner.ApiRunner" time="0.044">
    <system-out><![CDATA[
&amp#27;[1mScenario:&amp#27;[22m Successfully update a user's age                                  &amp#27;[90m# src/test/resources/features/UpdateWithPatch.feature:4&amp#27;[39m
  &amp#27;[32m✔&amp#27;[39m &amp#27;[32m&amp#27;[1mGiven &amp#27;[22mI have the updated age of a user&amp#27;[39m                                  &amp#27;[90m# stepDefinitions.UpdateWithPatch.gettingNewAge()&amp#27;[39m
  &amp#27;[32m✔&amp#27;[39m &amp#27;[32m&amp#27;[1mWhen &amp#27;[22mI send a PATCH request to update the user's age&amp#27;[39m                    &amp#27;[90m# stepDefinitions.UpdateWithPatch.sendingPatchRequest()&amp#27;[39m
  &amp#27;[32m✔&amp#27;[39m &amp#27;[32m&amp#27;[1mThen &amp#27;[22mthe user's age should be updated successfully with status code 200&amp#27;[39m &amp#27;[90m# stepDefinitions.UpdateWithPatch.verifyingUser()&amp#27;[39m
]]></system-out>
  </testcase>
  <testcase name="runScenario[&quot;Successfully update a user&apos;s subject&quot;, &quot;Update User Subject Functionality&quot;](5)" classname="runner.ApiRunner" time="0.038">
    <system-out><![CDATA[
&amp#27;[1mScenario:&amp#27;[22m Successfully update a user's subject                                  &amp#27;[90m# src/test/resources/features/UpdateWithPut.feature:4&amp#27;[39m
  &amp#27;[32m✔&amp#27;[39m &amp#27;[32m&amp#27;[1mGiven &amp#27;[22mI have the updated subject and the other details of a user&amp#27;[39m            &amp#27;[90m# stepDefinitions.UpdateWithPut.gettingData()&amp#27;[39m
  &amp#27;[32m✔&amp#27;[39m &amp#27;[32m&amp#27;[1mWhen &amp#27;[22mI send a PUT request to update the user's subject&amp#27;[39m                      &amp#27;[90m# stepDefinitions.UpdateWithPut.sendingPutRequest()&amp#27;[39m
  &amp#27;[32m✔&amp#27;[39m &amp#27;[32m&amp#27;[1mThen &amp#27;[22mthe user's subject should be updated successfully with status code 200&amp#27;[39m &amp#27;[90m# stepDefinitions.UpdateWithPut.verifyingUser()&amp#27;[39m
]]></system-out>
  </testcase>
</testsuite>