<?xml version="1.0" encoding="UTF-8"?>
<testng-results ignored="0" total="5" passed="5" failed="0" skipped="0">
  <reporter-output>
  </reporter-output>
  <suite started-at="2026-09-22T19:55:42 IST" name="ParallelClassTesting" finished-at="2026-09-22T19:55:44 IST" duration-ms="2139">
    <groups>
      <group name="cucumber">
        <method signature="AbstractTestNGCucumberTests.runScenario(io.cucumber.testng.PickleWrapper,io.cucumber.testng.FeatureWrapper)[pri:0, instance:runner.ApiRunner@3967e60c]" name="runScenario" class="io.cucumber.testng.AbstractTestNGCucumberTests"/>
      </group> <!-- cucumber -->
    </groups>
    <test started-at="2026-09-22T19:55:42 IST" name="ParallelClassesTesting" finished-at="2026-09-22T19:55:44 IST" duration-ms="2139">
      <class name="runner.ApiRunner">
        <test-method is-config="true" signature="setUpClass(org.testng.ITestContext)[pri:0, instance:runner.ApiRunner@3967e60c]" started-at="2026-09-22T19:55:42 IST" name="setUpClass" finished-at="2026-09-22T19:55:42 IST" duration-ms="437" status="PASS">
          <params>
            <param index="0">
              <value>
                <![CDATA[org.testng.TestRunner@7faa0680]]>
              </value>
            </param>
          </params>
          <reporter-output>
          </reporter-output>
        </test-method> <!-- setUpClass -->
        <test-method signature="runScenario(io.cucumber.testng.PickleWrapper,io.cucumber.testng.FeatureWrapper)[pri:0, instance:runner.ApiRunner@3967e60c]" started-at="2026-09-22T19:55:42 IST" name="runScenario" description="Runs Cucumber Scenarios" data-provider="scenarios" finished-at="2026-09-22T19:55:44 IST" duration-ms="1411" status="PASS">
          <params>
            <param index="0">
              <value>
                <![CDATA["Successfully create a new user"]]>
              </value>
            </param>
            <param index="1">
              <value>
                <![CDATA["Create User Functionality"]]>
              </value>
            </param>
          </params>
          <reporter-output>
          </reporter-output>
        </test-method> <!-- runScenario -->
        <test-method signature="runScenario(io.cucumber.testng.PickleWrapper,io.cucumber.testng.FeatureWrapper)[pri:0, instance:runner.ApiRunner@3967e60c]" started-at="2026-09-22T19:55:44 IST" name="runScenario" description="Runs Cucumber Scenarios" data-provider="scenarios" finished-at="2026-09-22T19:55:44 IST" duration-ms="61" status="PASS">
          <params>
            <param index="0">
              <value>
                <![CDATA["Successfully delete a user"]]>
              </value>
            </param>
            <param index="1">
              <value>
                <![CDATA["Delete User Functionality"]]>
              </value>
            </param>
          </params>
          <reporter-output>
          </reporter-output>
        </test-method> <!-- runScenario -->
        <test-method signature="runScenario(io.cucumber.testng.PickleWrapper,io.cucumber.testng.FeatureWrapper)[pri:0, instance:runner.ApiRunner@3967e60c]" started-at="2026-09-22T19:55:44 IST" name="runScenario" description="Runs Cucumber Scenarios" data-provider="scenarios" finished-at="2026-09-22T19:55:44 IST" duration-ms="67" status="PASS">
          <params>
            <param index="0">
              <value>
                <![CDATA["Successfully get a user's details"]]>
              </value>
            </param>
            <param index="1">
              <value>
                <![CDATA["Get User Functionality"]]>
              </value>
            </param>
          </params>
          <reporter-output>
          </reporter-output>
        </test-method> <!-- runScenario -->
        <test-method signature="runScenario(io.cucumber.testng.PickleWrapper,io.cucumber.testng.FeatureWrapper)[pri:0, instance:runner.ApiRunner@3967e60c]" started-at="2026-09-22T19:55:44 IST" name="runScenario" description="Runs Cucumber Scenarios" data-provider="scenarios" finished-at="2026-09-22T19:55:44 IST" duration-ms="45" status="PASS">
          <params>
            <param index="0">
              <value>
                <![CDATA["Successfully update a user's age"]]>
              </value>
            </param>
            <param index="1">
              <value>
                <![CDATA["Update User Age Functionality"]]>
              </value>
            </param>
          </params>
          <reporter-output>
          </reporter-output>
        </test-method> <!-- runScenario -->
        <test-method signature="runScenario(io.cucumber.testng.PickleWrapper,io.cucumber.testng.FeatureWrapper)[pri:0, instance:runner.ApiRunner@3967e60c]" started-at="2026-09-22T19:55:44 IST" name="runScenario" description="Runs Cucumber Scenarios" data-provider="scenarios" finished-at="2026-09-22T19:55:44 IST" duration-ms="37" status="PASS">
          <params>
            <param index="0">
              <value>
                <![CDATA["Successfully update a user's subject"]]>
              </value>
            </param>
            <param index="1">
              <value>
                <![CDATA["Update User Subject Functionality"]]>
              </value>
            </param>
          </params>
          <reporter-output>
          </reporter-output>
        </test-method> <!-- runScenario -->
        <test-method is-config="true" signature="tearDownClass()[pri:0, instance:runner.ApiRunner@3967e60c]" started-at="2026-09-22T19:55:44 IST" name="tearDownClass" finished-at="2026-09-22T19:55:44 IST" duration-ms="50" status="PASS">
          <reporter-output>
          </reporter-output>
        </test-method> <!-- tearDownClass -->
      </class> <!-- runner.ApiRunner -->
    </test> <!-- ParallelClassesTesting -->
  </suite> <!-- ParallelClassTesting -->
</testng-results>
