<?xml version="1.0" encoding="UTF-8"?>
<!-- Generated by org.testng.reporters.JUnitReportReporter -->
<testsuite hostname="Kakarot" failures="0" tests="5" name="runner.ApiRunner" time="1.621" errors="0" timestamp="2026-09-22T19:55:44 IST" skipped="0">
  <testcase classname="runner.ApiRunner" name="runScenario" time="1.411"/>
  <testcase classname="runner.ApiRunner" name="runScenario" time="0.061"/>
  <testcase classname="runner.ApiRunner" name="runScenario" time="0.045"/>
  <testcase classname="runner.ApiRunner" name="runScenario" time="0.037"/>
  <testcase classname="runner.ApiRunner" name="runScenario" time="0.067"/>
</testsuite> <!-- runner.ApiRunner -->
